0 info it worked if it ends with ok
1 verbose cli [ 'node', '/usr/local/bin/npm', 'start' ]
2 info using npm@3.8.1
3 info using node@v0.10.25
4 verbose node symlink /usr/bin/node
5 verbose run-script [ 'prestart', 'start', 'poststart' ]
6 info lifecycle rex-ng-2@1.0.0~prestart: rex-ng-2@1.0.0
7 silly lifecycle rex-ng-2@1.0.0~prestart: no script for prestart, continuing
8 info lifecycle rex-ng-2@1.0.0~start: rex-ng-2@1.0.0
9 verbose lifecycle rex-ng-2@1.0.0~start: unsafe-perm in lifecycle true
10 verbose lifecycle rex-ng-2@1.0.0~start: PATH: /usr/local/lib/node_modules/npm/bin/node-gyp-bin:/var/www/ng-2/node_modules/.bin:/usr/bin:/usr/local/sbin:/usr/local/bin:/usr/sbin:/usr/bin:/sbin:/bin:/usr/games:/usr/local/games
11 verbose lifecycle rex-ng-2@1.0.0~start: CWD: /var/www/ng-2
12 silly lifecycle rex-ng-2@1.0.0~start: Args: [ '-c', 'tsc && concurrently "npm run tsc:w" "npm run lite" ' ]
13 silly lifecycle rex-ng-2@1.0.0~start: Returned: code: 2  signal: null
14 info lifecycle rex-ng-2@1.0.0~start: Failed to exec start script
15 verbose stack Error: rex-ng-2@1.0.0 start: `tsc && concurrently "npm run tsc:w" "npm run lite" `
15 verbose stack Exit status 2
15 verbose stack     at EventEmitter.<anonymous> (/usr/local/lib/node_modules/npm/lib/utils/lifecycle.js:239:16)
15 verbose stack     at EventEmitter.emit (events.js:98:17)
15 verbose stack     at ChildProcess.<anonymous> (/usr/local/lib/node_modules/npm/lib/utils/spawn.js:24:14)
15 verbose stack     at ChildProcess.EventEmitter.emit (events.js:98:17)
15 verbose stack     at maybeClose (child_process.js:743:16)
15 verbose stack     at Process.ChildProcess._handle.onexit (child_process.js:810:5)
16 verbose pkgid rex-ng-2@1.0.0
17 verbose cwd /var/www/ng-2
18 error Linux 3.16.0-33-generic
19 error argv "node" "/usr/local/bin/npm" "start"
20 error node v0.10.25
21 error npm  v3.8.1
22 error code ELIFECYCLE
23 error rex-ng-2@1.0.0 start: `tsc && concurrently "npm run tsc:w" "npm run lite" `
23 error Exit status 2
24 error Failed at the rex-ng-2@1.0.0 start script 'tsc && concurrently "npm run tsc:w" "npm run lite" '.
24 error Make sure you have the latest version of node.js and npm installed.
24 error If you do, this is most likely a problem with the rex-ng-2 package,
24 error not with npm itself.
24 error Tell the author that this fails on your system:
24 error     tsc && concurrently "npm run tsc:w" "npm run lite"
24 error You can get information on how to open an issue for this project with:
24 error     npm bugs rex-ng-2
24 error Or if that isn't available, you can get their info via:
24 error     npm owner ls rex-ng-2
24 error There is likely additional logging output above.
25 verbose exit [ 1, true ]
